<?xml version="1.0" encoding="UTF-8" ?>
<testsuite tests="4" failures="0" name="HelloWorldTest" time="0.006" errors="0" skipped="0">
  <properties>
[...]
</properties>
  <testcase classname="HelloWorldTest" name="HelloWorldTest.testError" time="0.003"/>
  <testcase classname="HelloWorldTest" name="HelloWorldTest.testAdd2" time="0"/>
  <testcase classname="HelloWorldTest" name="HelloWorldTest.testAdd" time="0.001"/>
  <testcase classname="HelloWorldTest" name="HelloWorldTest.testFirst" time="0.002"/>
</testsuite>