<?xml version="1.0" encoding="UTF-8" ?>
<testsuite tests="7" failures="0" name="HelloWorldTest" time="0" errors="0" skipped="0">
  <properties>
[...]
</properties>
  <testcase classname="HelloWorldTest" name="HelloWorldTest.testError" time="0"/>
  <testcase classname="HelloWorldTest" name="HelloWorldTest.testAdd2" time="0"/>
  <testcase classname="HelloWorldTest" name="HelloWorldTest.testMinus2" time="0"/>
  <testcase classname="HelloWorldTest" name="HelloWorldTest.testAdd" time="0"/>
  <testcase classname="HelloWorldTest" name="HelloWorldTest.testFirst" time="0"/>
  <testcase classname="HelloWorldTest" name="HelloWorldTest.testMinus" time="0"/>
  <testcase classname="HelloWorldTest" name="HelloWorldTest.testMulti" time="0"/>
</testsuite>